<?xml version="1.0" encoding="UTF-8"?>
<!-- Generated by org.testng.reporters.JUnitReportReporter -->
<testsuite hostname="DESKTOP-KM4DCTI" failures="0" tests="1" name="Sample.Working_With_Extent_Report" time="6.181" errors="0" timestamp="2022-11-22T16:30:06 IST" skipped="0">
  <testcase classname="Sample.Working_With_Extent_Report" name="ReportDemo" time="6.181"/>
  <system-out/>
</testsuite> <!-- Sample.Working_With_Extent_Report -->
